Сборка начата 12.12.2024 20:22:24.
Уровень детализации журнала: Normal.     1>Проект "D:\Денис\3 сем\КПО\laba20\laba20\laba20.vcxproj" в узле 2 (целевые объекты Build).
     1>PrepareForBuild:
         Структурированный вывод включен. Форматирование диагностики компилятора будет отражать иерархию ошибок. Подробнее см. https://aka.ms/cpp/structured-output.
       InitializeBuildStatus:
         Создание "x64\Debug\laba20.tlog\unsuccessfulbuild", так как было задано "AlwaysCreate".
         Обращение к "x64\Debug\laba20.tlog\unsuccessfulbuild".
       ClCompile:
         C:\Program Files\Microsoft Visual Studio\2022\Community\VC\Tools\MSVC\14.38.33130\bin\HostX64\x64\CL.exe /c /ZI /JMC /nologo /W3 /WX- /diagnostics:column /sdl /Od /D _DEBUG /D _CONSOLE /D _UNICODE /D UNICODE /Gm- /EHsc /RTC1 /MDd /GS /fp:precise /Zc:wchar_t /Zc:forScope /Zc:inline /permissive- /Fo"x64\Debug\\" /Fd"x64\Debug\vc143.pdb" /external:W3 /Gd /TP /FC /errorReport:prompt laba20.cpp
         laba20.cpp
     1>D:\Денис\3 сем\КПО\laba20\laba20\laba20.cpp(10,1): warning C4326: возвращаемый тип "main" должен быть "int", а не "void"
     1>D:\Денис\3 сем\КПО\laba20\laba20\laba20.cpp(22,14): warning C4267: инициализация: преобразование из "size_t" в "int"; возможна потеря данных
       Link:
         C:\Program Files\Microsoft Visual Studio\2022\Community\VC\Tools\MSVC\14.38.33130\bin\HostX64\x64\link.exe /ERRORREPORT:PROMPT /OUT:"D:\Денис\3 сем\КПО\laba20\x64\Debug\laba20.exe" /INCREMENTAL /ILK:"x64\Debug\laba20.ilk" /NOLOGO kernel32.lib user32.lib gdi32.lib winspool.lib comdlg32.lib advapi32.lib shell32.lib ole32.lib oleaut32.lib uuid.lib odbc32.lib odbccp32.lib /MANIFEST /MANIFESTUAC:"level='asInvoker' uiAccess='false'" /manifest:embed /DEBUG /PDB:"D:\Денис\3 сем\КПО\laba20\x64\Debug\laba20.pdb" /SUBSYSTEM:CONSOLE /TLBID:1 /DYNAMICBASE /NXCOMPAT /IMPLIB:"D:\Денис\3 сем\КПО\laba20\x64\Debug\laba20.lib" /MACHINE:X64 x64\Debug\laba20.obj
         laba20.vcxproj -> D:\Денис\3 сем\КПО\laba20\x64\Debug\laba20.exe
       FinalizeBuildStatus:
         Файл "x64\Debug\laba20.tlog\unsuccessfulbuild" удаляется.
         Обращение к "x64\Debug\laba20.tlog\laba20.lastbuildstate".
     1>Сборка проекта "D:\Денис\3 сем\КПО\laba20\laba20\laba20.vcxproj" завершена (целевые объекты Build).

Сборка успешно завершена.

       "D:\Денис\3 сем\КПО\laba20\laba20\laba20.vcxproj" (целевой объект Build ) (1) ->
       (Целевой объект ClCompile) -> 
         D:\Денис\3 сем\КПО\laba20\laba20\laba20.cpp(10,1): warning C4326: возвращаемый тип "main" должен быть "int", а не "void"
         D:\Денис\3 сем\КПО\laba20\laba20\laba20.cpp(22,14): warning C4267: инициализация: преобразование из "size_t" в "int"; возможна потеря данных

    Предупреждений: 2
    Ошибок: 0

Прошло времени 00:00:01.64
