Сборка начата 12.12.2024 16:31:14.
Уровень детализации журнала: Normal.     1>Проект "D:\Денис\3 сем\КПО\asm5\SE_asm01e\SE_asm01e.vcxproj" в узле 2 (целевые объекты Build).
     1>PrepareForBuild:
         Структурированный вывод включен. Форматирование диагностики компилятора будет отражать иерархию ошибок. Подробнее см. https://aka.ms/cpp/structured-output.
       InitializeBuildStatus:
         Создание "Debug\SE_asm01e.tlog\unsuccessfulbuild", так как было задано "AlwaysCreate".
         Обращение к "Debug\SE_asm01e.tlog\unsuccessfulbuild".
       _MASM:
         Assembling SE_asm01e.asm...
         cmd.exe /C "C:\Users\Денис Мамонько\AppData\Local\Temp\tmp0c139f90992b4339a7e56917dcba2ee0.cmd"
         ml.exe /c /nologo /Zi /Fo"Debug\SE_asm01e.obj" /Fl"Debug\\" /W3 /errorReport:prompt  /TaSE_asm01e.asm
       Link:
         C:\Program Files\Microsoft Visual Studio\2022\Community\VC\Tools\MSVC\14.38.33130\bin\HostX86\x86\link.exe /ERRORREPORT:PROMPT /OUT:"D:\Денис\3 сем\КПО\asm5\Debug\SE_asm01e.exe" /INCREMENTAL /ILK:"Debug\SE_asm01e.ilk" /NOLOGO kernel32.lib user32.lib gdi32.lib winspool.lib comdlg32.lib advapi32.lib shell32.lib ole32.lib oleaut32.lib uuid.lib odbc32.lib odbccp32.lib /MANIFEST /MANIFESTUAC:"level='asInvoker' uiAccess='false'" /manifest:embed /DEBUG /PDB:"D:\Денис\3 сем\КПО\asm5\Debug\SE_asm01e.pdb" /SUBSYSTEM:CONSOLE /TLBID:1 /DYNAMICBASE /NXCOMPAT /IMPLIB:"D:\Денис\3 сем\КПО\asm5\Debug\SE_asm01e.lib" /MACHINE:X86 Debug\SE_asm01e.obj
         SE_asm01e.vcxproj -> D:\Денис\3 сем\КПО\asm5\Debug\SE_asm01e.exe
       FinalizeBuildStatus:
         Файл "Debug\SE_asm01e.tlog\unsuccessfulbuild" удаляется.
         Обращение к "Debug\SE_asm01e.tlog\SE_asm01e.lastbuildstate".
     1>Сборка проекта "D:\Денис\3 сем\КПО\asm5\SE_asm01e\SE_asm01e.vcxproj" завершена (целевые объекты Build).

Сборка успешно завершена.
    Предупреждений: 0
    Ошибок: 0

Прошло времени 00:00:00.77
