Сборка начата 28.11.2024 15:53:59.
Уровень детализации журнала: Normal.     1>Проект "D:\Денис\3 сем\КПО\asm2\SE_Asm02\SE_Asm02.vcxproj" в узле 2 (целевые объекты Build).
     1>PrepareForBuild:
         Структурированный вывод включен. Форматирование диагностики компилятора будет отражать иерархию ошибок. Подробнее см. https://aka.ms/cpp/structured-output.
       InitializeBuildStatus:
         Создание "Debug\SE_Asm02.tlog\unsuccessfulbuild", так как было задано "AlwaysCreate".
         Обращение к "Debug\SE_Asm02.tlog\unsuccessfulbuild".
       _MASM:
         Assembling asm2.asm...
         cmd.exe /C "C:\Users\Денис Мамонько\AppData\Local\Temp\tmp53e153c37c7248eb98fc275a1b46a674.cmd"
         ml.exe /c /nologo /Zi /Fo"Debug\asm2.obj" /Fl"Debug\\" /W3 /errorReport:prompt  /Taasm2.asm
       Link:
         C:\Program Files\Microsoft Visual Studio\2022\Community\VC\Tools\MSVC\14.38.33130\bin\HostX86\x86\link.exe /ERRORREPORT:PROMPT /OUT:"D:\Денис\3 сем\КПО\asm2\Debug\SE_Asm02.exe" /INCREMENTAL /ILK:"Debug\SE_Asm02.ilk" /NOLOGO kernel32.lib user32.lib gdi32.lib winspool.lib comdlg32.lib advapi32.lib shell32.lib ole32.lib oleaut32.lib uuid.lib odbc32.lib odbccp32.lib /MANIFEST /MANIFESTUAC:"level='asInvoker' uiAccess='false'" /manifest:embed /DEBUG /PDB:"D:\Денис\3 сем\КПО\asm2\Debug\SE_Asm02.pdb" /SUBSYSTEM:WINDOWS /TLBID:1 /DYNAMICBASE /NXCOMPAT /IMPLIB:"D:\Денис\3 сем\КПО\asm2\Debug\SE_Asm02.lib" /MACHINE:X86 Debug\asm2.obj
         SE_Asm02.vcxproj -> D:\Денис\3 сем\КПО\asm2\Debug\SE_Asm02.exe
       FinalizeBuildStatus:
         Файл "Debug\SE_Asm02.tlog\unsuccessfulbuild" удаляется.
         Обращение к "Debug\SE_Asm02.tlog\SE_Asm02.lastbuildstate".
     1>Сборка проекта "D:\Денис\3 сем\КПО\asm2\SE_Asm02\SE_Asm02.vcxproj" завершена (целевые объекты Build).

Сборка успешно завершена.
    Предупреждений: 0
    Ошибок: 0

Прошло времени 00:00:01.77
