Сборка начата 12.12.2024 15:46:13.
Уровень детализации журнала: Normal.     1>Проект "D:\Денис\3 сем\КПО\asm5\SE_asm01b\SE_asm01b.vcxproj" в узле 2 (целевые объекты Build).
     1>PrepareForBuild:
         Структурированный вывод включен. Форматирование диагностики компилятора будет отражать иерархию ошибок. Подробнее см. https://aka.ms/cpp/structured-output.
       InitializeBuildStatus:
         Обращение к "Debug\SE_asm01b.tlog\unsuccessfulbuild".
       _MASM:
         Assembling SE_asm01b.asm...
         cmd.exe /C "C:\Users\Денис Мамонько\AppData\Local\Temp\tmpdef9eef1684a4142a78fd2377b514e38.cmd"
         ml.exe /c /nologo /Zi /Fo"Debug\SE_asm01b.obj" /Fl"Debug\\" /W3 /errorReport:prompt  /TaSE_asm01b.asm
       Link:
         C:\Program Files\Microsoft Visual Studio\2022\Community\VC\Tools\MSVC\14.38.33130\bin\HostX86\x86\link.exe /ERRORREPORT:PROMPT /OUT:"D:\Денис\3 сем\КПО\asm5\Debug\SE_asm01b.exe" /INCREMENTAL /ILK:"Debug\SE_asm01b.ilk" /NOLOGO kernel32.lib user32.lib gdi32.lib winspool.lib comdlg32.lib advapi32.lib shell32.lib ole32.lib oleaut32.lib uuid.lib odbc32.lib odbccp32.lib /MANIFEST /MANIFESTUAC:"level='asInvoker' uiAccess='false'" /manifest:embed /DEBUG /PDB:"D:\Денис\3 сем\КПО\asm5\Debug\SE_asm01b.pdb" /SUBSYSTEM:CONSOLE /TLBID:1 /DYNAMICBASE /NXCOMPAT /IMPLIB:"D:\Денис\3 сем\КПО\asm5\Debug\SE_asm01b.lib" /MACHINE:X86 Debug\SE_asm01b.obj
         SE_asm01b.vcxproj -> D:\Денис\3 сем\КПО\asm5\Debug\SE_asm01b.exe
       FinalizeBuildStatus:
         Файл "Debug\SE_asm01b.tlog\unsuccessfulbuild" удаляется.
         Обращение к "Debug\SE_asm01b.tlog\SE_asm01b.lastbuildstate".
     1>Сборка проекта "D:\Денис\3 сем\КПО\asm5\SE_asm01b\SE_asm01b.vcxproj" завершена (целевые объекты Build).

Сборка успешно завершена.
    Предупреждений: 0
    Ошибок: 0

Прошло времени 00:00:00.58
