Сборка начата 10.12.2024 21:01:19.
Уровень детализации журнала: Normal.     1>Проект "D:\Денис\3 сем\КПО\asm4\SE_Asm04\SE_Asm04.vcxproj" в узле 2 (целевые объекты Build).
     1>PrepareForBuild:
         Структурированный вывод включен. Форматирование диагностики компилятора будет отражать иерархию ошибок. Подробнее см. https://aka.ms/cpp/structured-output.
       InitializeBuildStatus:
         Создание "Debug\SE_Asm04.tlog\unsuccessfulbuild", так как было задано "AlwaysCreate".
         Обращение к "Debug\SE_Asm04.tlog\unsuccessfulbuild".
       _MASM:
         Assembling asmFile.asm...
         cmd.exe /C "C:\Users\Денис Мамонько\AppData\Local\Temp\tmpc507bfc9523240c79e4c46244561887a.cmd"
         ml.exe /c /nologo /Zi /Fo"Debug\asmFile.obj" /Fl"Debug\\" /W3 /errorReport:prompt  /TaasmFile.asm
       Link:
         C:\Program Files\Microsoft Visual Studio\2022\Community\VC\Tools\MSVC\14.38.33130\bin\HostX86\x86\link.exe /ERRORREPORT:PROMPT /OUT:"D:\Денис\3 сем\КПО\asm4\Debug\SE_Asm04.exe" /INCREMENTAL /ILK:"Debug\SE_Asm04.ilk" /NOLOGO kernel32.lib user32.lib gdi32.lib winspool.lib comdlg32.lib advapi32.lib shell32.lib ole32.lib oleaut32.lib uuid.lib odbc32.lib odbccp32.lib /MANIFEST /MANIFESTUAC:"level='asInvoker' uiAccess='false'" /manifest:embed /DEBUG /PDB:"D:\Денис\3 сем\КПО\asm4\Debug\SE_Asm04.pdb" /SUBSYSTEM:WINDOWS /TLBID:1 /DYNAMICBASE /NXCOMPAT /IMPLIB:"D:\Денис\3 сем\КПО\asm4\Debug\SE_Asm04.lib" /MACHINE:X86 Debug\asmFile.obj
         SE_Asm04.vcxproj -> D:\Денис\3 сем\КПО\asm4\Debug\SE_Asm04.exe
       FinalizeBuildStatus:
         Файл "Debug\SE_Asm04.tlog\unsuccessfulbuild" удаляется.
         Обращение к "Debug\SE_Asm04.tlog\SE_Asm04.lastbuildstate".
     1>Сборка проекта "D:\Денис\3 сем\КПО\asm4\SE_Asm04\SE_Asm04.vcxproj" завершена (целевые объекты Build).

Сборка успешно завершена.
    Предупреждений: 0
    Ошибок: 0

Прошло времени 00:00:00.49
