Сборка начата 22.11.2024 18:43:23.
Уровень детализации журнала: Normal.     1>Проект "D:\Денис\3 сем\КПО\laba18\laba18\laba18.vcxproj" в узле 2 (целевые объекты Build).
     1>PrepareForBuild:
         Структурированный вывод включен. Форматирование диагностики компилятора будет отражать иерархию ошибок. Подробнее см. https://aka.ms/cpp/structured-output.
       InitializeBuildStatus:
         Создание "x64\Debug\laba18.tlog\unsuccessfulbuild", так как было задано "AlwaysCreate".
         Обращение к "x64\Debug\laba18.tlog\unsuccessfulbuild".
       ClCompile:
         C:\Program Files\Microsoft Visual Studio\2022\Community\VC\Tools\MSVC\14.38.33130\bin\HostX64\x64\CL.exe /c /ZI /JMC /nologo /W3 /WX- /diagnostics:column /sdl /Od /D _DEBUG /D _CONSOLE /D _UNICODE /D UNICODE /Gm- /EHsc /RTC1 /MDd /GS /fp:precise /Zc:wchar_t /Zc:forScope /Zc:inline /permissive- /Fo"x64\Debug\\" /Fd"x64\Debug\vc143.pdb" /external:W3 /Gd /TP /FC /errorReport:prompt MFST.cpp
         MFST.cpp
     1>D:\Денис\3 сем\КПО\laba18\laba18\MFST.cpp(21,5): warning C4002: слишком много аргументов для вызова макроса, подобного функции, "ERROR_THROW"
     1>D:\Денис\3 сем\КПО\laba18\laba18\MFST.cpp(131,7): warning C4002: слишком много аргументов для вызова макроса, подобного функции, "MFST_TRACE4"
     1>D:\Денис\3 сем\КПО\laba18\laba18\MFST.cpp(149,5): warning C4002: слишком много аргументов для вызова макроса, подобного функции, "MFST_TRACE4"
     1>D:\Денис\3 сем\КПО\laba18\laba18\MFST.cpp(156,4): warning C4002: слишком много аргументов для вызова макроса, подобного функции, "MFST_TRACE4"
     1>D:\Денис\3 сем\КПО\laba18\laba18\MFST.cpp(171,3): warning C4002: слишком много аргументов для вызова макроса, подобного функции, "MFST_TRACE6"
     1>D:\Денис\3 сем\КПО\laba18\laba18\MFST.cpp(187,4): warning C4002: слишком много аргументов для вызова макроса, подобного функции, "MFST_TRACE5"
     1>D:\Денис\3 сем\КПО\laba18\laba18\MFST.cpp(219,4): warning C4002: слишком много аргументов для вызова макроса, подобного функции, "MFST_TRACE4"
     1>D:\Денис\3 сем\КПО\laba18\laba18\MFST.cpp(226,4): warning C4002: слишком много аргументов для вызова макроса, подобного функции, "MFST_TRACE4"
     1>D:\Денис\3 сем\КПО\laba18\laba18\MFST.cpp(229,4): warning C4002: слишком много аргументов для вызова макроса, подобного функции, "MFST_TRACE4"
     1>D:\Денис\3 сем\КПО\laba18\laba18\MFST.cpp(232,4): warning C4002: слишком много аргументов для вызова макроса, подобного функции, "MFST_TRACE4"
     1>D:\Денис\3 сем\КПО\laba18\laba18\MFST.cpp(238,4): warning C4002: слишком много аргументов для вызова макроса, подобного функции, "MFST_TRACE4"
     1>D:\Денис\3 сем\КПО\laba18\laba18\MFST.cpp(274,4): warning C4002: слишком много аргументов для вызова макроса, подобного функции, "ERROR_THROW"
     1>D:\Денис\3 сем\КПО\laba18\laba18\MFST.cpp(296,66): warning C4267: =: преобразование из "size_t" в "short"; возможна потеря данных
       Link:
         C:\Program Files\Microsoft Visual Studio\2022\Community\VC\Tools\MSVC\14.38.33130\bin\HostX64\x64\link.exe /ERRORREPORT:PROMPT /OUT:"D:\Денис\3 сем\КПО\laba18\x64\Debug\laba18.exe" /INCREMENTAL /ILK:"x64\Debug\laba18.ilk" /NOLOGO kernel32.lib user32.lib gdi32.lib winspool.lib comdlg32.lib advapi32.lib shell32.lib ole32.lib oleaut32.lib uuid.lib odbc32.lib odbccp32.lib /MANIFEST /MANIFESTUAC:"level='asInvoker' uiAccess='false'" /manifest:embed /DEBUG /PDB:"D:\Денис\3 сем\КПО\laba18\x64\Debug\laba18.pdb" /SUBSYSTEM:CONSOLE /TLBID:1 /DYNAMICBASE /NXCOMPAT /IMPLIB:"D:\Денис\3 сем\КПО\laba18\x64\Debug\laba18.lib" /MACHINE:X64 x64\Debug\Error.obj
         x64\Debug\FST.obj
         x64\Debug\GRB.obj
         x64\Debug\In.obj
         x64\Debug\IT.obj
         x64\Debug\Lexer.obj
         x64\Debug\Log.obj
         x64\Debug\LT.obj
         x64\Debug\MFST.obj
         x64\Debug\Out.obj
         x64\Debug\Parm.obj
         x64\Debug\SE_lab18.obj
         laba18.vcxproj -> D:\Денис\3 сем\КПО\laba18\x64\Debug\laba18.exe
       FinalizeBuildStatus:
         Файл "x64\Debug\laba18.tlog\unsuccessfulbuild" удаляется.
         Обращение к "x64\Debug\laba18.tlog\laba18.lastbuildstate".
     1>Сборка проекта "D:\Денис\3 сем\КПО\laba18\laba18\laba18.vcxproj" завершена (целевые объекты Build).

Сборка успешно завершена.

       "D:\Денис\3 сем\КПО\laba18\laba18\laba18.vcxproj" (целевой объект Build ) (1) ->
       (Целевой объект ClCompile) -> 
         D:\Денис\3 сем\КПО\laba18\laba18\MFST.cpp(21,5): warning C4002: слишком много аргументов для вызова макроса, подобного функции, "ERROR_THROW"
         D:\Денис\3 сем\КПО\laba18\laba18\MFST.cpp(131,7): warning C4002: слишком много аргументов для вызова макроса, подобного функции, "MFST_TRACE4"
         D:\Денис\3 сем\КПО\laba18\laba18\MFST.cpp(149,5): warning C4002: слишком много аргументов для вызова макроса, подобного функции, "MFST_TRACE4"
         D:\Денис\3 сем\КПО\laba18\laba18\MFST.cpp(156,4): warning C4002: слишком много аргументов для вызова макроса, подобного функции, "MFST_TRACE4"
         D:\Денис\3 сем\КПО\laba18\laba18\MFST.cpp(171,3): warning C4002: слишком много аргументов для вызова макроса, подобного функции, "MFST_TRACE6"
         D:\Денис\3 сем\КПО\laba18\laba18\MFST.cpp(187,4): warning C4002: слишком много аргументов для вызова макроса, подобного функции, "MFST_TRACE5"
         D:\Денис\3 сем\КПО\laba18\laba18\MFST.cpp(219,4): warning C4002: слишком много аргументов для вызова макроса, подобного функции, "MFST_TRACE4"
         D:\Денис\3 сем\КПО\laba18\laba18\MFST.cpp(226,4): warning C4002: слишком много аргументов для вызова макроса, подобного функции, "MFST_TRACE4"
         D:\Денис\3 сем\КПО\laba18\laba18\MFST.cpp(229,4): warning C4002: слишком много аргументов для вызова макроса, подобного функции, "MFST_TRACE4"
         D:\Денис\3 сем\КПО\laba18\laba18\MFST.cpp(232,4): warning C4002: слишком много аргументов для вызова макроса, подобного функции, "MFST_TRACE4"
         D:\Денис\3 сем\КПО\laba18\laba18\MFST.cpp(238,4): warning C4002: слишком много аргументов для вызова макроса, подобного функции, "MFST_TRACE4"
         D:\Денис\3 сем\КПО\laba18\laba18\MFST.cpp(274,4): warning C4002: слишком много аргументов для вызова макроса, подобного функции, "ERROR_THROW"
         D:\Денис\3 сем\КПО\laba18\laba18\MFST.cpp(296,66): warning C4267: =: преобразование из "size_t" в "short"; возможна потеря данных

    Предупреждений: 13
    Ошибок: 0

Прошло времени 00:00:02.39
